Build started 4/3/2012 9:27:51 PM.
     1>Project "C:\Users\mgross\Dropbox\MET CS 566\programming assignment\CS566PA\CS566PA\CS566PA.vcxproj" on node 2 (build target(s)).
     1>InitializeBuildStatus:
         Touching "Release\CS566PA.unsuccessfulbuild".
       ClCompile:
         C:\Program Files (x86)\Microsoft Visual Studio 10.0\VC\bin\CL.exe /c /Zi /nologo /W3 /WX- /O2 /Oi /Oy- /GL /D _MBCS /Gm- /EHsc /MD /GS /Gy /fp:precise /Zc:wchar_t /Zc:forScope /Fo"Release\\" /Fd"Release\vc100.pdb" /Gd /TP /analyze- /errorReport:prompt main.cpp
         main.cpp
       Link:
         C:\Program Files (x86)\Microsoft Visual Studio 10.0\VC\bin\link.exe /ERRORREPORT:PROMPT /OUT:"C:\Users\mgross\Dropbox\MET CS 566\programming assignment\CS566PA\Release\CS566PA.exe" /NOLOGO kernel32.lib user32.lib gdi32.lib winspool.lib comdlg32.lib advapi32.lib shell32.lib ole32.lib oleaut32.lib uuid.lib odbc32.lib odbccp32.lib /MANIFEST /ManifestFile:"Release\CS566PA.exe.intermediate.manifest" /MANIFESTUAC:"level='asInvoker' uiAccess='false'" /DEBUG /PDB:"C:\Users\mgross\Dropbox\MET CS 566\programming assignment\CS566PA\Release\CS566PA.pdb" /OPT:REF /OPT:ICF /LTCG /TLBID:1 /DYNAMICBASE /NXCOMPAT /IMPLIB:"C:\Users\mgross\Dropbox\MET CS 566\programming assignment\CS566PA\Release\CS566PA.lib" /MACHINE:X86 Release\main.obj
         Generating code
         Finished generating code
         CS566PA.vcxproj -> C:\Users\mgross\Dropbox\MET CS 566\programming assignment\CS566PA\Release\CS566PA.exe
       Manifest:
         C:\Program Files (x86)\Microsoft SDKs\Windows\v7.0A\bin\mt.exe /nologo /verbose /outputresource:"C:\Users\mgross\Dropbox\MET CS 566\programming assignment\CS566PA\Release\CS566PA.exe;#1" /manifest Release\CS566PA.exe.intermediate.manifest
       FinalizeBuildStatus:
         Deleting file "Release\CS566PA.unsuccessfulbuild".
         Touching "Release\CS566PA.lastbuildstate".
     1>Done Building Project "C:\Users\mgross\Dropbox\MET CS 566\programming assignment\CS566PA\CS566PA\CS566PA.vcxproj" (build target(s)).

Build succeeded.

Time Elapsed 00:00:00.76
